2019-06-03 12:10:01 [scrapy] DEBUG: Crawled (404) <GET http://www2.repuve.gob.mx:8080/robots.txt> (referer: None)
2019-06-03 12:10:02 [scrapy] DEBUG: Crawled (200) <GET http://www2.repuve.gob.mx:8080/ciudadania/servletconsulta> (referer: None)
2019-06-03 12:10:02 [scrapy] ERROR: Spider error processing <GET http://www2.repuve.gob.mx:8080/ciudadania/servletconsulta> (referer: None)
Traceback (most recent call last):
  File "C:\Users\Ochoa\PycharmProjects\API-REPUVE\repuve_spider\repuve_spider\spiders\repuve_spider.py", line 18, in parse
    self.plate = response.meta['plate']
KeyError: 'plate'

During handling of the above exception, another exception occurred:

Traceback (most recent call last):
  File "C:\Users\Ochoa\API-REPUVE\lib\site-packages\twisted\internet\defer.py", line 654, in _runCallbacks
    current.result = callback(current.result, *args, **kw)
  File "C:\Users\Ochoa\PycharmProjects\API-REPUVE\repuve_spider\repuve_spider\spiders\repuve_spider.py", line 20, in parse
    exit()
  File "C:\Users\Ochoa\AppData\Local\Programs\Python\Python37\lib\_sitebuiltins.py", line 26, in __call__
    raise SystemExit(code)
SystemExit: None
2019-06-03 12:10:02 [scrapy] INFO: Closing spider (finished)
2019-06-03 12:10:02 [scrapy] INFO: Dumping Scrapy stats:
{'downloader/request_bytes': 632,
 'downloader/request_count': 2,
 'downloader/request_method_count/GET': 2,
 'downloader/response_bytes': 14655,
 'downloader/response_count': 2,
 'downloader/response_status_count/200': 1,
 'downloader/response_status_count/404': 1,
 'finish_reason': 'finished',
 'finish_time': datetime.datetime(2019, 6, 3, 17, 10, 2, 442987),
 'log_count/DEBUG': 2,
 'log_count/ERROR': 1,
 'log_count/INFO': 6,
 'response_received_count': 2,
 'robotstxt/request_count': 1,
 'robotstxt/response_count': 1,
 'robotstxt/response_status_count/404': 1,
 'scheduler/dequeued': 1,
 'scheduler/dequeued/memory': 1,
 'scheduler/enqueued': 1,
 'scheduler/enqueued/memory': 1,
 'spider_exceptions/SystemExit': 1,
 'start_time': datetime.datetime(2019, 6, 3, 17, 10, 1, 668942)}
2019-06-03 12:10:02 [scrapy] INFO: Spider closed (finished)
